# JRE version: OpenJDK Runtime Environment (8.0_202) (build 1.8.0_202-release-1483-b49-5587405)
# Java VM: OpenJDK 64-Bit Server VM (25.202-b49-5587405 mixed mode bsd-amd64 compressed oops)
Heap:
 PSYoungGen      total 306688K, used 233006K [0x0000000795580000, 0x00000007ad180000, 0x00000007c0000000)
  eden space 269824K, 74% used [0x0000000795580000,0x00000007a197aab0,0x00000007a5d00000)
  from space 36864K, 87% used [0x00000007a5d00000,0x00000007a7c91048,0x00000007a8100000)
  to   space 40448K, 0% used [0x00000007aaa00000,0x00000007aaa00000,0x00000007ad180000)
 ParOldGen       total 240640K, used 108659K [0x0000000740000000, 0x000000074eb00000, 0x0000000795580000)
  object space 240640K, 45% used [0x0000000740000000,0x0000000746a1cd38,0x000000074eb00000)
 Metaspace       used 85051K, capacity 91788K, committed 92184K, reserved 1128448K
  class space    used 11356K, capacity 12988K, committed 13096K, reserved 1048576K
GC Heap History (10 events):
Event: 66.586 GC heap before
{Heap before GC invocations=17 (full 3):
 PSYoungGen      total 207360K, used 206758K [0x0000000795580000, 0x00000007a7480000, 0x00000007c0000000)
  eden space 178176K, 100% used [0x0000000795580000,0x00000007a0380000,0x00000007a0380000)
  from space 29184K, 97% used [0x00000007a0380000,0x00000007a1f69a48,0x00000007a2000000)
  to   space 33280K, 0% used [0x00000007a5400000,0x00000007a5400000,0x00000007a7480000)
 ParOldGen       total 126464K, used 69411K [0x0000000740000000, 0x0000000747b80000, 0x0000000795580000)
  object space 126464K, 54% used [0x0000000740000000,0x00000007443c8f70,0x0000000747b80000)
 Metaspace       used 72447K, capacity 77906K, committed 78104K, reserved 1116160K
  class space    used 9962K, capacity 11437K, committed 11560K, reserved 1048576K
Event: 66.675 GC heap after
Heap after GC invocations=17 (full 3):
 PSYoungGen      total 253440K, used 33268K [0x0000000795580000, 0x00000007a8000000, 0x00000007c0000000)
  eden space 220160K, 0% used [0x0000000795580000,0x0000000795580000,0x00000007a2c80000)
  from space 33280K, 99% used [0x00000007a5400000,0x00000007a747d040,0x00000007a7480000)
  to   space 40448K, 0% used [0x00000007a2c80000,0x00000007a2c80000,0x00000007a5400000)
 ParOldGen       total 126464K, used 75621K [0x0000000740000000, 0x0000000747b80000, 0x0000000795580000)
  object space 126464K, 59% used [0x0000000740000000,0x00000007449d9710,0x0000000747b80000)
 Metaspace       used 72447K, capacity 77906K, committed 78104K, reserved 1116160K
  class space    used 9962K, capacity 11437K, committed 11560K, reserved 1048576K
}
Event: 78.394 GC heap before
{Heap before GC invocations=18 (full 3):
 PSYoungGen      total 253440K, used 253428K [0x0000000795580000, 0x00000007a8000000, 0x00000007c0000000)
  eden space 220160K, 100% used [0x0000000795580000,0x00000007a2c80000,0x00000007a2c80000)
  from space 33280K, 99% used [0x00000007a5400000,0x00000007a747d040,0x00000007a7480000)
  to   space 40448K, 0% used [0x00000007a2c80000,0x00000007a2c80000,0x00000007a5400000)
 ParOldGen       total 126464K, used 75621K [0x0000000740000000, 0x0000000747b80000, 0x0000000795580000)
  object space 126464K, 59% used [0x0000000740000000,0x00000007449d9710,0x0000000747b80000)
 Metaspace       used 73759K, capacity 79542K, committed 79640K, reserved 1118208K
  class space    used 10094K, capacity 11551K, committed 11560K, reserved 1048576K
Event: 78.596 GC heap after
Heap after GC invocations=18 (full 3):
 PSYoungGen      total 260608K, used 16544K [0x0000000795580000, 0x00000007ab300000, 0x00000007c0000000)
  eden space 220160K, 0% used [0x0000000795580000,0x0000000795580000,0x00000007a2c80000)
  from space 40448K, 40% used [0x00000007a2c80000,0x00000007a3ca8000,0x00000007a5400000)
  to   space 38400K, 0% used [0x00000007a8d80000,0x00000007a8d80000,0x00000007ab300000)
 ParOldGen       total 126464K, used 104074K [0x0000000740000000, 0x0000000747b80000, 0x0000000795580000)
  object space 126464K, 82% used [0x0000000740000000,0x00000007465a28a0,0x0000000747b80000)
 Metaspace       used 73759K, capacity 79542K, committed 79640K, reserved 1118208K
  class space    used 10094K, capacity 11551K, committed 11560K, reserved 1048576K
}
Event: 78.596 GC heap before
{Heap before GC invocations=19 (full 4):
 PSYoungGen      total 260608K, used 16544K [0x0000000795580000, 0x00000007ab300000, 0x00000007c0000000)
  eden space 220160K, 0% used [0x0000000795580000,0x0000000795580000,0x00000007a2c80000)
  from space 40448K, 40% used [0x00000007a2c80000,0x00000007a3ca8000,0x00000007a5400000)
  to   space 38400K, 0% used [0x00000007a8d80000,0x00000007a8d80000,0x00000007ab300000)
 ParOldGen       total 126464K, used 104074K [0x0000000740000000, 0x0000000747b80000, 0x0000000795580000)
  object space 126464K, 82% used [0x0000000740000000,0x00000007465a28a0,0x0000000747b80000)
 Metaspace       used 73759K, capacity 79542K, committed 79640K, reserved 1118208K
  class space    used 10094K, capacity 11551K, committed 11560K, reserved 1048576K
Event: 79.822 GC heap after
Heap after GC invocations=19 (full 4):
 PSYoungGen      total 260608K, used 0K [0x0000000795580000, 0x00000007ab300000, 0x00000007c0000000)
  eden space 220160K, 0% used [0x0000000795580000,0x0000000795580000,0x00000007a2c80000)
  from space 40448K, 0% used [0x00000007a2c80000,0x00000007a2c80000,0x00000007a5400000)
  to   space 38400K, 0% used [0x00000007a8d80000,0x00000007a8d80000,0x00000007ab300000)
 ParOldGen       total 240640K, used 108643K [0x0000000740000000, 0x000000074eb00000, 0x0000000795580000)
  object space 240640K, 45% used [0x0000000740000000,0x0000000746a18d38,0x000000074eb00000)
 Metaspace       used 73748K, capacity 79514K, committed 79640K, reserved 1118208K
  class space    used 10091K, capacity 11545K, committed 11560K, reserved 1048576K
}
Event: 88.027 GC heap before
{Heap before GC invocations=20 (full 4):
 PSYoungGen      total 260608K, used 220160K [0x0000000795580000, 0x00000007ab300000, 0x00000007c0000000)
  eden space 220160K, 100% used [0x0000000795580000,0x00000007a2c80000,0x00000007a2c80000)
  from space 40448K, 0% used [0x00000007a2c80000,0x00000007a2c80000,0x00000007a5400000)
  to   space 38400K, 0% used [0x00000007a8d80000,0x00000007a8d80000,0x00000007ab300000)
 ParOldGen       total 240640K, used 108643K [0x0000000740000000, 0x000000074eb00000, 0x0000000795580000)
  object space 240640K, 45% used [0x0000000740000000,0x0000000746a18d38,0x000000074eb00000)
 Metaspace       used 74000K, capacity 79958K, committed 80280K, reserved 1118208K
  class space    used 10103K, capacity 11565K, committed 11688K, reserved 1048576K
Event: 88.070 GC heap after
Heap after GC invocations=20 (full 4):
 PSYoungGen      total 293888K, used 14960K [0x0000000795580000, 0x00000007aa500000, 0x00000007c0000000)
  eden space 269824K, 0% used [0x0000000795580000,0x0000000795580000,0x00000007a5d00000)
  from space 24064K, 62% used [0x00000007a8d80000,0x00000007a9c1c010,0x00000007aa500000)
  to   space 36864K, 0% used [0x00000007a5d00000,0x00000007a5d00000,0x00000007a8100000)
 ParOldGen       total 240640K, used 108651K [0x0000000740000000, 0x000000074eb00000, 0x0000000795580000)
  object space 240640K, 45% used [0x0000000740000000,0x0000000746a1ad38,0x000000074eb00000)
 Metaspace       used 74000K, capacity 79958K, committed 80280K, reserved 1118208K
  class space    used 10103K, capacity 11565K, committed 11688K, reserved 1048576K
}
Event: 110.503 GC heap before
{Heap before GC invocations=21 (full 4):
 PSYoungGen      total 293888K, used 284784K [0x0000000795580000, 0x00000007aa500000, 0x00000007c0000000)
  eden space 269824K, 100% used [0x0000000795580000,0x00000007a5d00000,0x00000007a5d00000)
  from space 24064K, 62% used [0x00000007a8d80000,0x00000007a9c1c010,0x00000007aa500000)
  to   space 36864K, 0% used [0x00000007a5d00000,0x00000007a5d00000,0x00000007a8100000)
 ParOldGen       total 240640K, used 108651K [0x0000000740000000, 0x000000074eb00000, 0x0000000795580000)
  object space 240640K, 45% used [0x0000000740000000,0x0000000746a1ad38,0x000000074eb00000)
 Metaspace       used 75849K, capacity 82380K, committed 82584K, reserved 1120256K
  class space    used 10354K, capacity 11940K, committed 11944K, reserved 1048576K
Event: 110.658 GC heap after
Heap after GC invocations=21 (full 4):
 PSYoungGen      total 306688K, used 32324K [0x0000000795580000, 0x00000007ad180000, 0x00000007c0000000)
  eden space 269824K, 0% used [0x0000000795580000,0x0000000795580000,0x00000007a5d00000)
  from space 36864K, 87% used [0x00000007a5d00000,0x00000007a7c91048,0x00000007a8100000)
  to   space 40448K, 0% used [0x00000007aaa00000,0x00000007aaa00000,0x00000007ad180000)
 ParOldGen       total 240640K, used 108659K [0x0000000740000000, 0x000000074eb00000, 0x0000000795580000)
  object space 240640K, 45% used [0x0000000740000000,0x0000000746a1cd38,0x000000074eb00000)
 Metaspace       used 75849K, capacity 82380K, committed 82584K, reserved 1120256K
  class space    used 10354K, capacity 11940K, committed 11944K, reserved 1048576K
}

